<?xml version="1.0" encoding="UTF-8"?>
<testsuite xmlns:xsi="http://www.w3.org/2001/XMLSchema-instance" xsi:noNamespaceSchemaLocation="https://maven.apache.org/surefire/maven-surefire-plugin/xsd/surefire-test-report.xsd" name="edu.westga.cs3211.hi_low_game.test.view.guess_report_textifier.TestTextifyGuessReport" time="0" tests="4" errors="0" skipped="0" failures="0">
  <properties>
[...]
</properties>
  <testcase name="testTextifyTooHigh" classname="edu.westga.cs3211.hi_low_game.test.view.guess_report_textifier.TestTextifyGuessReport" time="0"/>
  <testcase name="testTextifyTooLow" classname="edu.westga.cs3211.hi_low_game.test.view.guess_report_textifier.TestTextifyGuessReport" time="0"/>
  <testcase name="testTextifyCorrect" classname="edu.westga.cs3211.hi_low_game.test.view.guess_report_textifier.TestTextifyGuessReport" time="0"/>
  <testcase name="testTextifyGuessLimitReached" classname="edu.westga.cs3211.hi_low_game.test.view.guess_report_textifier.TestTextifyGuessReport" time="0"/>
</testsuite>